Command line:
	../runmd.py --xml system.xml --restrain :1-129 --temp 100.0 --nrespa 2 --dt 2.0 -p 4lzt_uc.pdb -x md1.nc -r md1.x -o md1.o -s md0.x -n 10000 --interval 500 --gamma_ln 5.0
Parsing XML file system.xml
No Andersen thermostat found in the system.xml file
Parsing PDB file 4lzt_uc.pdb
Adding restraints (k=10 kcal/mol/A^2) from :1-129
   AmoebaBondForce is a Fast Force
   AmoebaOutOfPlaneBendForce is a Fast Force
   AmoebaAngleForce is a Fast Force
   AmoebaInPlaneAngleForce is a Fast Force
   AmoebaStretchBendForce is a Fast Force
   PeriodicTorsionForce is a Fast Force
   AmoebaPiTorsionForce is a Fast Force
   AmoebaTorsionTorsionForce is a Fast Force
   AmoebaVdwForce is a Slow Force
   AmoebaMultipoleForce is a Slow Force
   HarmonicBondForce is a Fast Force
   CMMotionRemover is a Fast Force
   CustomExternalForce is a Fast Force
MTSVVVR:   100.00K,     5.00 ps-1,     2.00 fs,   2 inner steps
Setting coordinates and velocities from restart file md0.x
Running the simulation for 10000 steps!
